<?xml version="1.0" encoding="UTF-8"?>
<!-- Generated by org.testng.reporters.JUnitReportReporter -->
<testsuite skipped="0" hostname="NJ9YYRH42" name="com.bill99.test.TriggerTest" tests="3" failures="0" timestamp="2020-06-19T19:41:58 CST" time="4.307" errors="0">
  <testcase name="postingTodayTrigger" time="1.930" classname="com.bill99.test.TriggerTest"/>
  <testcase name="autoSettleTrigger" time="1.277" classname="com.bill99.test.TriggerTest"/>
  <testcase name="refundOrderNotice" time="1.100" classname="com.bill99.test.TriggerTest"/>
</testsuite> <!-- com.bill99.test.TriggerTest -->
